{"D:\\Kerja BNI\\Bootcamp\\Week 1\\belajar-unit-test\\index.js": {"path":"D:\\Kerja BNI\\Bootcamp\\Week 1\\belajar-unit-test\\index.js","statementMap":{"0":{"start":{"line":31,"column":16},"end":{"line":42,"column":1}},"1":{"start":{"line":44,"column":19},"end":{"line":59,"column":1}},"2":{"start":{"line":45,"column":2},"end":{"line":47,"column":3}},"3":{"start":{"line":46,"column":4},"end":{"line":46,"column":34}},"4":{"start":{"line":48,"column":2},"end":{"line":50,"column":3}},"5":{"start":{"line":49,"column":4},"end":{"line":49,"column":17}},"6":{"start":{"line":52,"column":20},"end":{"line":52,"column":72}},"7":{"start":{"line":54,"column":4},"end":{"line":56,"column":15}},"8":{"start":{"line":58,"column":2},"end":{"line":58,"column":18}},"9":{"start":{"line":61,"column":0},"end":{"line":61,"column":34}},"10":{"start":{"line":62,"column":0},"end":{"line":62,"column":35}},"11":{"start":{"line":63,"column":0},"end":{"line":63,"column":35}},"12":{"start":{"line":64,"column":0},"end":{"line":64,"column":39}},"13":{"start":{"line":66,"column":0},"end":{"line":66,"column":28}}},"fnMap":{"0":{"name":"(anonymous_0)","decl":{"start":{"line":44,"column":19},"end":{"line":44,"column":20}},"loc":{"start":{"line":44,"column":46},"end":{"line":59,"column":1}},"line":44}},"branchMap":{"0":{"loc":{"start":{"line":45,"column":2},"end":{"line":47,"column":3}},"type":"if","locations":[{"start":{"line":45,"column":2},"end":{"line":47,"column":3}},{"start":{},"end":{}}],"line":45},"1":{"loc":{"start":{"line":45,"column":6},"end":{"line":45,"column":53}},"type":"binary-expr","locations":[{"start":{"line":45,"column":6},"end":{"line":45,"column":27}},{"start":{"line":45,"column":31},"end":{"line":45,"column":53}}],"line":45},"2":{"loc":{"start":{"line":48,"column":2},"end":{"line":50,"column":3}},"type":"if","locations":[{"start":{"line":48,"column":2},"end":{"line":50,"column":3}},{"start":{},"end":{}}],"line":48},"3":{"loc":{"start":{"line":52,"column":20},"end":{"line":52,"column":72}},"type":"cond-expr","locations":[{"start":{"line":52,"column":36},"end":{"line":52,"column":68}},{"start":{"line":52,"column":71},"end":{"line":52,"column":72}}],"line":52}},"s":{"0":1,"1":1,"2":7,"3":1,"4":6,"5":1,"6":6,"7":6,"8":6,"9":1,"10":1,"11":1,"12":1,"13":1},"f":{"0":7},"b":{"0":[1,6],"1":[7,4],"2":[1,5],"3":[1,5]},"_coverageSchema":"1a1c01bbd47fc00a2c39e90264f33305004495a9","hash":"01d8f1ebe03ffd395b80ed05a93a87b7e842a8e3"}
}
